1717241106513:add Олег Петрович 34
1717241585073:add Smit Adom 33
1717241653384:add Sby Saf 77
1717241996529:add SAVsdv dfvbdfb 77
1717242055089:add SAVsdv dfvbdfb 76
1717242057258:add SAVsdv dfvbdfb 33
1717242060132:add SAVsdv dfvbdfb 711
1717242062569:ls
1717242123640:add sdvsdv sdv sdv 99
1717242141388:add sdcds sdvsd 99
1717242146922:ls
1717242467055:add dfvdfv dfvd 88
1717242472273:ls
1717242497225:add
1717242505663:rm
1717242523238:rm 5a1618a9-7055-4d3c-afd7-a11cc677d3cd
1717242620212:add dsv sdv 55
1717242624730:ls
1717242651987:rm
1717242656843:rm --all
1717242660183:ls
1717242667191:add dd sdd 22
1717242669176:ls
1717242677389:rm 2d2a8fc9-b300-4eef-9033-05ce6577a09e
1717242678837:ls
1717246616597:add dfb dfb 99
1717246679438:add dfb dg 88
1717246705801:ls
1717247771492:add dd dd 33
1717248758147:add fvf dfvd 33
1717248771370:ls
1717248784601:rm 6780a70b-1862-4d5c-b078-6e53d6eda6bd
1717252472214:add dd dd 99
1717252483843:ls
1717252706498:add jj jj 33
1717253038374:ls
1717256326077:add dd dd 44
1717256331608:ls
1717256931386:add dd dd 88
1717256935995:ls
1717602079948:add ddd ddd 33
1717602089784:ls
